<?xml version="1.0" encoding="UTF-8"?>
<!-- Generated by org.testng.reporters.JUnitXMLReporter -->
<testsuite ignored="0" hostname="DESKTOP-P4N61A7" failures="0" tests="1" name="Test" time="0.069" errors="0" timestamp="2022-05-28T22:46:05 IST">
  <testcase classname="maven1.VarifyFacebookLogin" name="@BeforeTest launchBrowser" time="-1.653758165576E9">
    <failure type="org.testng.TestNGException" message="
Parameter &amp;apos;BrowserName&amp;apos; is required by BeforeTest on method launchBrowser but has not been marked @Optional or defined
in C:\Users\DELL\eclipse-workspace\maven1\T2.xml">
      <![CDATA[org.testng.TestNGException: 
Parameter 'BrowserName' is required by BeforeTest on method launchBrowser but has not been marked @Optional or defined
in C:\Users\DELL\eclipse-workspace\maven1\T2.xml
... Removed 21 stack frames]]>
    </failure>
  </testcase> <!-- @BeforeTest launchBrowser -->
  <testcase classname="maven1.VarifyFacebookLogin" name="@BeforeClass CreatePOMpage" time="-1.653758165606E9">
    <skipped/>
  </testcase> <!-- @BeforeClass CreatePOMpage -->
  <testcase classname="maven1.VarifyFacebookLogin" name="@BeforeMethod launchapplication" time="-1.653758165626E9">
    <skipped/>
  </testcase> <!-- @BeforeMethod launchapplication -->
  <testcase classname="maven1.VarifyFacebookLogin" name="open" time="0.0">
    <skipped/>
  </testcase> <!-- open -->
</testsuite> <!-- Test -->
