<?xml version="1.0" encoding="UTF-8"?>
<!-- Generated by org.testng.reporters.JUnitXMLReporter -->
<testsuite ignored="0" hostname="DESKTOP-P4N61A7" failures="1" tests="1" name="Test5" time="80.034" errors="0" timestamp="2022-05-31T23:09:31 IST">
  <testcase classname="maven1.VarifyFacebookLogin" name="open" time="18.454">
    <failure type="java.lang.AssertionError" message="null">
      <![CDATA[java.lang.AssertionError: null
at maven1.VarifyFacebookLogin.open(VarifyFacebookLogin.java:61)
at java.base/java.util.ArrayList.forEach(ArrayList.java:1511)
... Removed 29 stack frames]]>
    </failure>
  </testcase> <!-- open -->
</testsuite> <!-- Test5 -->
